[00:01:16] [Server thread/INFO] [net.minecraft.server.dedicated.DedicatedServer]: yue_chan17 tried to swim in lava
[00:01:16] [Server thread/INFO] [tombstone]: The last known grave of yue_chan17 is at location [name:Last Grave, x:163, y:65, z:-540] in the dimension 0
[00:01:16] [Server thread/INFO] [tombstone]: yue_chan17 has successfully been saved
[00:01:41] [Server thread/INFO] [net.minecraft.server.dedicated.DedicatedServer]: [yue_chan17: Set own game mode to Creative Mode]
[00:03:21] [Server thread/INFO] [net.minecraft.server.dedicated.DedicatedServer]: [yue_chan17: Set own game mode to Survival Mode]
[00:09:57] [Server thread/INFO] [net.minecraft.server.dedicated.DedicatedServer]: yue_chan17 was slain by Assimilated Human
[00:09:57] [Server thread/INFO] [tombstone]: The last known grave of yue_chan17 is at location [name:Last Grave, x:153, y:68, z:-354] in the dimension 0
[00:09:57] [Server thread/INFO] [tombstone]: yue_chan17 has successfully been saved
[00:10:11] [Server thread/INFO] [net.minecraft.server.dedicated.DedicatedServer]: [yue_chan17: Set own game mode to Creative Mode]
[00:11:35] [Server thread/INFO] [net.minecraft.server.dedicated.DedicatedServer]: [yue_chan17: Set own game mode to Survival Mode]
[00:16:22] [Server thread/INFO] [net.minecraft.server.dedicated.DedicatedServer]: yue_chan17 was slain by Primitive Reeker
[00:16:22] [Server thread/INFO] [tombstone]: The last known grave of yue_chan17 is at location [name:Last Grave, x:213, y:70, z:-291] in the dimension 0
[00:16:22] [Server thread/INFO] [tombstone]: yue_chan17 has successfully been saved
[00:16:29] [Server thread/INFO] [net.minecraft.server.dedicated.DedicatedServer]: [yue_chan17: Set own game mode to Creative Mode]
[00:33:05] [Server thread/INFO] [net.minecraft.server.dedicated.DedicatedServer]: [yue_chan17: Set own game mode to Survival Mode]
[00:37:22] [Server thread/INFO] [net.minecraft.server.dedicated.DedicatedServer]: [yue_chan17: Set own game mode to Creative Mode]
[00:38:00] [Server thread/INFO] [net.minecraft.server.dedicated.DedicatedServer]: [yue_chan17: Set own game mode to Survival Mode]
[00:40:44] [Server thread/INFO] [net.minecraft.server.dedicated.DedicatedServer]: yue_chan17 was slain by Adapted Arachnida
[00:40:44] [Server thread/INFO] [tombstone]: The last known grave of yue_chan17 is at location [name:Last Grave, x:101, y:64, z:-593] in the dimension 0
[00:40:44] [Server thread/INFO] [tombstone]: yue_chan17 has successfully been saved
[00:40:56] [Server thread/INFO] [net.minecraft.server.dedicated.DedicatedServer]: [yue_chan17: Set own game mode to Creative Mode]
[00:45:33] [Server thread/INFO] [net.minecraft.server.dedicated.DedicatedServer]: [yue_chan17: Set own game mode to Survival Mode]
[00:47:28] [Server thread/INFO] [net.minecraft.server.dedicated.DedicatedServer]: [yue_chan17: Set own game mode to Creative Mode]
[00:47:45] [Server thread/INFO] [net.minecraft.server.dedicated.DedicatedServer]: [yue_chan17: Set own game mode to Survival Mode]
[00:48:15] [Server thread/INFO] [net.minecraft.server.dedicated.DedicatedServer]: [yue_chan17: Set own game mode to Creative Mode]
[00:48:26] [Server thread/INFO] [net.minecraft.server.dedicated.DedicatedServer]: [yue_chan17: Set own game mode to Survival Mode]
[00:50:34] [Server thread/INFO] [net.minecraft.server.dedicated.DedicatedServer]: [yue_chan17: Set own game mode to Creative Mode]
[00:51:37] [Server thread/INFO] [net.minecraft.server.dedicated.DedicatedServer]: <yue_chan17> t
[00:53:49] [Server thread/INFO] [net.minecraft.server.dedicated.DedicatedServer]: [yue_chan17: Set own game mode to Survival Mode]
[00:56:13] [Server thread/INFO] [net.minecraft.server.dedicated.DedicatedServer]: yue_chan17 was slain by Assimilated Enderman
[00:56:13] [Server thread/INFO] [tombstone]: The last known grave of yue_chan17 is at location [name:Last Grave, x:54, y:64, z:-526] in the dimension 0
[00:56:13] [Server thread/INFO] [tombstone]: yue_chan17 has successfully been saved
[00:56:28] [Server thread/INFO] [net.minecraft.network.NetHandlerPlayServer]: yue_chan17 lost connection: Disconnected
[00:56:28] [Server thread/INFO] [net.minecraft.server.dedicated.DedicatedServer]: yue_chan17 left the game
